<?xml version="1.0" encoding="UTF-8"?>
<!-- Generated by org.testng.reporters.JUnitReportReporter -->
<testsuite hostname="DESKTOP-D6DO249" failures="0" tests="6" name="com.test.PriorityForTest" time="13.624" errors="0" timestamp="2022-06-24T14:48:23 EDT" skipped="0">
  <testcase classname="com.test.PriorityForTest" name="googleLogoTest" time="2.501"/>
  <system-out/>
  <testcase classname="com.test.PriorityForTest" name="googleTitleTest" time="2.364"/>
  <system-out/>
  <testcase classname="com.test.PriorityForTest" name="mailLinktest" time="2.337"/>
  <system-out/>
  <testcase classname="com.test.PriorityForTest" name="test2" time="1.983"/>
  <system-out/>
  <testcase classname="com.test.PriorityForTest" name="test1" time="2.202"/>
  <system-out/>
  <testcase classname="com.test.PriorityForTest" name="test3" time="2.237"/>
  <system-out/>
</testsuite> <!-- com.test.PriorityForTest -->
