<?xml version="1.0" encoding="UTF-8"?>
<!-- Generated by org.testng.reporters.JUnitReportReporter -->
<testsuite hostname="DESKTOP-D6DO249" failures="0" tests="10" name="com.test.InvocationCountTest" time="0.024" errors="0" timestamp="2022-07-04T14:20:42 EDT" skipped="0">
  <testcase classname="com.test.InvocationCountTest" name="sum" time="0.001"/>
  <system-out/>
  <testcase classname="com.test.InvocationCountTest" name="sum" time="0.001"/>
  <system-out/>
  <testcase classname="com.test.InvocationCountTest" name="sum" time="0.001"/>
  <system-out/>
  <testcase classname="com.test.InvocationCountTest" name="sum" time="0.015"/>
  <system-out/>
  <testcase classname="com.test.InvocationCountTest" name="sum" time="0.001"/>
  <system-out/>
  <testcase classname="com.test.InvocationCountTest" name="sum" time="0.001"/>
  <system-out/>
  <testcase classname="com.test.InvocationCountTest" name="sum" time="0.001"/>
  <system-out/>
  <testcase classname="com.test.InvocationCountTest" name="sum" time="0.001"/>
  <system-out/>
  <testcase classname="com.test.InvocationCountTest" name="sum" time="0.001"/>
  <system-out/>
  <testcase classname="com.test.InvocationCountTest" name="sum" time="0.001"/>
  <system-out/>
</testsuite> <!-- com.test.InvocationCountTest -->
