<?xml version="1.0" encoding="UTF-8"?>
<!-- Generated by org.testng.reporters.JUnitReportReporter -->
<testsuite hostname="DESKTOP-D6DO249" failures="0" tests="1" name="com.test.ExpectedExceptionTest" time="0.002" errors="0" timestamp="2022-06-24T14:48:23 EDT" skipped="0">
  <testcase classname="com.test.ExpectedExceptionTest" name="test1" time="0.002"/>
  <system-out/>
</testsuite> <!-- com.test.ExpectedExceptionTest -->
