<?xml version="1.0" encoding="UTF-8"?>
<!-- Generated by org.testng.reporters.JUnitReportReporter -->
<testsuite hostname="DESKTOP-D6DO249" failures="0" tests="4" name="com.test.DepandsOnMethodsFeature" time="0.024" errors="0" timestamp="2022-06-24T14:48:23 EDT" skipped="0">
  <testcase classname="com.test.DepandsOnMethodsFeature" name="searchPageTest" time="0.003"/>
  <system-out/>
  <testcase classname="com.test.DepandsOnMethodsFeature" name="loginTest" time="0.011"/>
  <system-out/>
  <testcase classname="com.test.DepandsOnMethodsFeature" name="regPageTest" time="0.002"/>
  <system-out/>
  <testcase classname="com.test.DepandsOnMethodsFeature" name="homePageTest" time="0.008"/>
  <system-out/>
</testsuite> <!-- com.test.DepandsOnMethodsFeature -->
