<?xml version="1.0" encoding="UTF-8"?>
<!-- Generated by org.testng.reporters.JUnitReportReporter -->
<testsuite hostname="DESKTOP-D6DO249" failures="0" tests="2" name="com.test.TestNgbasics" time="0.003" errors="0" timestamp="2022-06-24T14:48:23 EDT" skipped="0">
  <testcase classname="com.test.TestNgbasics" name="searchTest" time="0.002"/>
  <system-out/>
  <testcase classname="com.test.TestNgbasics" name="googleTitleTest" time="0.001"/>
  <system-out/>
</testsuite> <!-- com.test.TestNgbasics -->
