<?xml version="1.0" encoding="UTF-8"?>
<!-- Generated by org.testng.reporters.JUnitReportReporter -->
<testsuite hostname="DESKTOP-D6DO249" failures="0" tests="3" name="com.test.GoogleTest" time="19.072" errors="0" timestamp="2022-06-24T14:48:23 EDT" skipped="0">
  <testcase classname="com.test.GoogleTest" name="mailLinktest" time="5.710"/>
  <system-out/>
  <testcase classname="com.test.GoogleTest" name="googleLogoTest" time="5.846"/>
  <system-out/>
  <testcase classname="com.test.GoogleTest" name="googleTitleTest" time="7.516"/>
  <system-out/>
</testsuite> <!-- com.test.GoogleTest -->
