<?xml version="1.0" encoding="UTF-8"?>
<!-- Generated by org.testng.reporters.JUnitReportReporter -->
<testsuite hostname="DESKTOP-D6DO249" failures="0" tests="1" name="com.test.ParametersTest" time="4.182" errors="0" timestamp="2022-06-20T15:22:20 EDT" skipped="0">
  <testcase classname="com.test.ParametersTest" name="yahooLogintest" time="4.182"/>
  <system-out/>
</testsuite> <!-- com.test.ParametersTest -->
